internal/modules/cjs/loader.js:905
  throw err;
  ^

Error: Cannot find module '../../server/setting/setting.model'
Require stack:
- /home/mozymine/nodevenv/shop2/14/lib/node_modules/live-stream-server/service.js
- /home/mozymine/shop2/index.js
- /usr/local/lsws/fcgi-bin/lsnode.js
    at Function.Module._resolveFilename (internal/modules/cjs/loader.js:902:15)
    at Function.Module._load (internal/modules/cjs/loader.js:746:27)
    at Module.require (internal/modules/cjs/loader.js:974:19)
    at require (internal/modules/cjs/helpers.js:101:18)
    at Object.<anonymous> (/home/mozymine/nodevenv/shop2/14/lib/node_modules/live-stream-server/service.js:91:13)
    at Module._compile (internal/modules/cjs/loader.js:1085:14)
    at Object.Module._extensions..js (internal/modules/cjs/loader.js:1114:10)
    at Module.load (internal/modules/cjs/loader.js:950:32)
    at Function.Module._load (internal/modules/cjs/loader.js:790:12)
    at Module.require (internal/modules/cjs/loader.js:974:19) {
  code: 'MODULE_NOT_FOUND',
  requireStack: [
    '/home/mozymine/nodevenv/shop2/14/lib/node_modules/live-stream-server/service.js',
    '/home/mozymine/shop2/index.js',
    '/usr/local/lsws/fcgi-bin/lsnode.js'
  ]
}
internal/modules/cjs/loader.js:905
  throw err;
  ^

Error: Cannot find module './node_modules/live-stream-server/service'
Require stack:
- /home/mozymine/shop2/app.js
- /usr/local/lsws/fcgi-bin/lsnode.js
    at Function.Module._resolveFilename (internal/modules/cjs/loader.js:902:15)
    at Function.Module._load (internal/modules/cjs/loader.js:746:27)
    at Module.require (internal/modules/cjs/loader.js:974:19)
    at require (internal/modules/cjs/helpers.js:101:18)
    at Object.<anonymous> (/home/mozymine/shop2/app.js:91:20)
    at Module._compile (internal/modules/cjs/loader.js:1085:14)
    at Object.Module._extensions..js (internal/modules/cjs/loader.js:1114:10)
    at Module.load (internal/modules/cjs/loader.js:950:32)
    at Function.Module._load (internal/modules/cjs/loader.js:790:12)
    at Module.require (internal/modules/cjs/loader.js:974:19) {
  code: 'MODULE_NOT_FOUND',
  requireStack: [
    '/home/mozymine/shop2/app.js',
    '/usr/local/lsws/fcgi-bin/lsnode.js'
  ]
}
internal/modules/cjs/loader.js:905
  throw err;
  ^

Error: Cannot find module './node_modules/live-stream-server/service'
Require stack:
- /home/mozymine/shop2/app.js
- /usr/local/lsws/fcgi-bin/lsnode.js
    at Function.Module._resolveFilename (internal/modules/cjs/loader.js:902:15)
    at Function.Module._load (internal/modules/cjs/loader.js:746:27)
    at Module.require (internal/modules/cjs/loader.js:974:19)
    at require (internal/modules/cjs/helpers.js:101:18)
    at Object.<anonymous> (/home/mozymine/shop2/app.js:91:20)
    at Module._compile (internal/modules/cjs/loader.js:1085:14)
    at Object.Module._extensions..js (internal/modules/cjs/loader.js:1114:10)
    at Module.load (internal/modules/cjs/loader.js:950:32)
    at Function.Module._load (internal/modules/cjs/loader.js:790:12)
    at Module.require (internal/modules/cjs/loader.js:974:19) {
  code: 'MODULE_NOT_FOUND',
  requireStack: [
    '/home/mozymine/shop2/app.js',
    '/usr/local/lsws/fcgi-bin/lsnode.js'
  ]
}
internal/modules/cjs/loader.js:905
  throw err;
  ^

Error: Cannot find module './node_modules/live-stream-server/service'
Require stack:
- /home/mozymine/shop2/app.js
- /usr/local/lsws/fcgi-bin/lsnode.js
    at Function.Module._resolveFilename (internal/modules/cjs/loader.js:902:15)
    at Function.Module._load (internal/modules/cjs/loader.js:746:27)
    at Module.require (internal/modules/cjs/loader.js:974:19)
    at require (internal/modules/cjs/helpers.js:101:18)
    at Object.<anonymous> (/home/mozymine/shop2/app.js:91:20)
    at Module._compile (internal/modules/cjs/loader.js:1085:14)
    at Object.Module._extensions..js (internal/modules/cjs/loader.js:1114:10)
    at Module.load (internal/modules/cjs/loader.js:950:32)
    at Function.Module._load (internal/modules/cjs/loader.js:790:12)
    at Module.require (internal/modules/cjs/loader.js:974:19) {
  code: 'MODULE_NOT_FOUND',
  requireStack: [
    '/home/mozymine/shop2/app.js',
    '/usr/local/lsws/fcgi-bin/lsnode.js'
  ]
}
internal/modules/cjs/loader.js:905
  throw err;
  ^

Error: Cannot find module '../../server/setting/setting.model'
Require stack:
- /home/mozymine/nodevenv/shop2/14/lib/node_modules/live-stream-server/service.js
- /home/mozymine/shop2/app.js
- /usr/local/lsws/fcgi-bin/lsnode.js
    at Function.Module._resolveFilename (internal/modules/cjs/loader.js:902:15)
    at Function.Module._load (internal/modules/cjs/loader.js:746:27)
    at Module.require (internal/modules/cjs/loader.js:974:19)
    at require (internal/modules/cjs/helpers.js:101:18)
    at Object.<anonymous> (/home/mozymine/nodevenv/shop2/14/lib/node_modules/live-stream-server/service.js:91:13)
    at Module._compile (internal/modules/cjs/loader.js:1085:14)
    at Object.Module._extensions..js (internal/modules/cjs/loader.js:1114:10)
    at Module.load (internal/modules/cjs/loader.js:950:32)
    at Function.Module._load (internal/modules/cjs/loader.js:790:12)
    at Module.require (internal/modules/cjs/loader.js:974:19) {
  code: 'MODULE_NOT_FOUND',
  requireStack: [
    '/home/mozymine/nodevenv/shop2/14/lib/node_modules/live-stream-server/service.js',
    '/home/mozymine/shop2/app.js',
    '/usr/local/lsws/fcgi-bin/lsnode.js'
  ]
}
internal/modules/cjs/loader.js:905
  throw err;
  ^

Error: Cannot find module '../../server/setting/setting.model'
Require stack:
- /home/mozymine/nodevenv/shop2/14/lib/node_modules/live-stream-server/service.js
- /home/mozymine/shop2/app.js
- /usr/local/lsws/fcgi-bin/lsnode.js
    at Function.Module._resolveFilename (internal/modules/cjs/loader.js:902:15)
    at Function.Module._load (internal/modules/cjs/loader.js:746:27)
    at Module.require (internal/modules/cjs/loader.js:974:19)
    at require (internal/modules/cjs/helpers.js:101:18)
    at Object.<anonymous> (/home/mozymine/nodevenv/shop2/14/lib/node_modules/live-stream-server/service.js:91:13)
    at Module._compile (internal/modules/cjs/loader.js:1085:14)
    at Object.Module._extensions..js (internal/modules/cjs/loader.js:1114:10)
    at Module.load (internal/modules/cjs/loader.js:950:32)
    at Function.Module._load (internal/modules/cjs/loader.js:790:12)
    at Module.require (internal/modules/cjs/loader.js:974:19) {
  code: 'MODULE_NOT_FOUND',
  requireStack: [
    '/home/mozymine/nodevenv/shop2/14/lib/node_modules/live-stream-server/service.js',
    '/home/mozymine/shop2/app.js',
    '/usr/local/lsws/fcgi-bin/lsnode.js'
  ]
}
internal/modules/cjs/loader.js:905
  throw err;
  ^

Error: Cannot find module '../../server/setting/setting.model'
Require stack:
- /home/mozymine/nodevenv/shop2/14/lib/node_modules/live-stream-server/service.js
- /home/mozymine/shop2/app.js
- /usr/local/lsws/fcgi-bin/lsnode.js
    at Function.Module._resolveFilename (internal/modules/cjs/loader.js:902:15)
    at Function.Module._load (internal/modules/cjs/loader.js:746:27)
    at Module.require (internal/modules/cjs/loader.js:974:19)
    at require (internal/modules/cjs/helpers.js:101:18)
    at Object.<anonymous> (/home/mozymine/nodevenv/shop2/14/lib/node_modules/live-stream-server/service.js:91:13)
    at Module._compile (internal/modules/cjs/loader.js:1085:14)
    at Object.Module._extensions..js (internal/modules/cjs/loader.js:1114:10)
    at Module.load (internal/modules/cjs/loader.js:950:32)
    at Function.Module._load (internal/modules/cjs/loader.js:790:12)
    at Module.require (internal/modules/cjs/loader.js:974:19) {
  code: 'MODULE_NOT_FOUND',
  requireStack: [
    '/home/mozymine/nodevenv/shop2/14/lib/node_modules/live-stream-server/service.js',
    '/home/mozymine/shop2/app.js',
    '/usr/local/lsws/fcgi-bin/lsnode.js'
  ]
}
internal/modules/cjs/loader.js:905
  throw err;
  ^

Error: Cannot find module '../../server/setting/setting.model'
Require stack:
- /home/mozymine/nodevenv/shop2/14/lib/node_modules/live-stream-server/service.js
- /home/mozymine/shop2/app.js
- /usr/local/lsws/fcgi-bin/lsnode.js
    at Function.Module._resolveFilename (internal/modules/cjs/loader.js:902:15)
    at Function.Module._load (internal/modules/cjs/loader.js:746:27)
    at Module.require (internal/modules/cjs/loader.js:974:19)
    at require (internal/modules/cjs/helpers.js:101:18)
    at Object.<anonymous> (/home/mozymine/nodevenv/shop2/14/lib/node_modules/live-stream-server/service.js:91:13)
    at Module._compile (internal/modules/cjs/loader.js:1085:14)
    at Object.Module._extensions..js (internal/modules/cjs/loader.js:1114:10)
    at Module.load (internal/modules/cjs/loader.js:950:32)
    at Function.Module._load (internal/modules/cjs/loader.js:790:12)
    at Module.require (internal/modules/cjs/loader.js:974:19) {
  code: 'MODULE_NOT_FOUND',
  requireStack: [
    '/home/mozymine/nodevenv/shop2/14/lib/node_modules/live-stream-server/service.js',
    '/home/mozymine/shop2/app.js',
    '/usr/local/lsws/fcgi-bin/lsnode.js'
  ]
}
internal/modules/cjs/loader.js:905
  throw err;
  ^

Error: Cannot find module '../../server/setting/setting.model'
Require stack:
- /home/mozymine/nodevenv/shop2/14/lib/node_modules/live-stream-server/service.js
- /home/mozymine/shop2/app.js
- /usr/local/lsws/fcgi-bin/lsnode.js
    at Function.Module._resolveFilename (internal/modules/cjs/loader.js:902:15)
    at Function.Module._load (internal/modules/cjs/loader.js:746:27)
    at Module.require (internal/modules/cjs/loader.js:974:19)
    at require (internal/modules/cjs/helpers.js:101:18)
    at Object.<anonymous> (/home/mozymine/nodevenv/shop2/14/lib/node_modules/live-stream-server/service.js:91:13)
    at Module._compile (internal/modules/cjs/loader.js:1085:14)
    at Object.Module._extensions..js (internal/modules/cjs/loader.js:1114:10)
    at Module.load (internal/modules/cjs/loader.js:950:32)
    at Function.Module._load (internal/modules/cjs/loader.js:790:12)
    at Module.require (internal/modules/cjs/loader.js:974:19) {
  code: 'MODULE_NOT_FOUND',
  requireStack: [
    '/home/mozymine/nodevenv/shop2/14/lib/node_modules/live-stream-server/service.js',
    '/home/mozymine/shop2/app.js',
    '/usr/local/lsws/fcgi-bin/lsnode.js'
  ]
}
internal/modules/cjs/loader.js:905
  throw err;
  ^

Error: Cannot find module '../../server/setting/setting.model'
Require stack:
- /home/mozymine/nodevenv/shop2/14/lib/node_modules/live-stream-server/service.js
- /home/mozymine/shop2/app.js
- /usr/local/lsws/fcgi-bin/lsnode.js
    at Function.Module._resolveFilename (internal/modules/cjs/loader.js:902:15)
    at Function.Module._load (internal/modules/cjs/loader.js:746:27)
    at Module.require (internal/modules/cjs/loader.js:974:19)
    at require (internal/modules/cjs/helpers.js:101:18)
    at Object.<anonymous> (/home/mozymine/nodevenv/shop2/14/lib/node_modules/live-stream-server/service.js:91:13)
    at Module._compile (internal/modules/cjs/loader.js:1085:14)
    at Object.Module._extensions..js (internal/modules/cjs/loader.js:1114:10)
    at Module.load (internal/modules/cjs/loader.js:950:32)
    at Function.Module._load (internal/modules/cjs/loader.js:790:12)
    at Module.require (internal/modules/cjs/loader.js:974:19) {
  code: 'MODULE_NOT_FOUND',
  requireStack: [
    '/home/mozymine/nodevenv/shop2/14/lib/node_modules/live-stream-server/service.js',
    '/home/mozymine/shop2/app.js',
    '/usr/local/lsws/fcgi-bin/lsnode.js'
  ]
}
/home/mozymine/nodevenv/shop2/14/bin/node: fork: retry: Resource temporarily unavailable
/home/mozymine/nodevenv/shop2/14/bin/node: fork: retry: Resource temporarily unavailable
/home/mozymine/nodevenv/shop2/14/bin/node: fork: retry: Resource temporarily unavailable
/home/mozymine/nodevenv/shop2/14/bin/node: fork: retry: Resource temporarily unavailable
/home/mozymine/nodevenv/shop2/14/bin/node: fork: retry: Resource temporarily unavailable
/home/mozymine/nodevenv/shop2/14/bin/node: fork: retry: Resource temporarily unavailable
/home/mozymine/nodevenv/shop2/14/bin/node: fork: retry: Resource temporarily unavailable
/home/mozymine/nodevenv/shop2/14/bin/node: fork: Resource temporarily unavailable
/home/mozymine/nodevenv/shop2/14/bin/node: fork: retry: Resource temporarily unavailable
/home/mozymine/nodevenv/shop2/14/bin/node: fork: retry: Resource temporarily unavailable
/home/mozymine/nodevenv/shop2/14/bin/node: fork: retry: Resource temporarily unavailable
/home/mozymine/nodevenv/shop2/14/bin/node: fork: retry: Resource temporarily unavailable
/home/mozymine/nodevenv/shop2/14/bin/node: fork: Resource temporarily unavailable
/home/mozymine/nodevenv/shop2/14/bin/node: fork: retry: Resource temporarily unavailable
/home/mozymine/nodevenv/shop2/14/bin/node: fork: retry: Resource temporarily unavailable
/home/mozymine/nodevenv/shop2/14/bin/node: fork: retry: Resource temporarily unavailable
/home/mozymine/nodevenv/shop2/14/bin/node: fork: retry: Resource temporarily unavailable
/home/mozymine/nodevenv/shop2/14/bin/node: fork: Resource temporarily unavailable
/home/mozymine/nodevenv/shop2/14/bin/node: fork: retry: Resource temporarily unavailable
/home/mozymine/nodevenv/shop2/14/bin/node: fork: retry: Resource temporarily unavailable
/home/mozymine/nodevenv/shop2/14/bin/node: fork: retry: Resource temporarily unavailable
/home/mozymine/nodevenv/shop2/14/bin/node: fork: retry: Resource temporarily unavailable
/home/mozymine/nodevenv/shop2/14/bin/node: fork: Resource temporarily unavailable
/home/mozymine/nodevenv/shop2/14/bin/node: fork: retry: Resource temporarily unavailable
/home/mozymine/nodevenv/shop2/14/bin/node: fork: retry: Resource temporarily unavailable
/home/mozymine/nodevenv/shop2/14/bin/node: fork: retry: Resource temporarily unavailable
/home/mozymine/nodevenv/shop2/14/bin/node: fork: retry: Resource temporarily unavailable
/home/mozymine/nodevenv/shop2/14/bin/node: fork: Resource temporarily unavailable
/home/mozymine/nodevenv/shop2/14/bin/node: fork: retry: Resource temporarily unavailable
/home/mozymine/nodevenv/shop2/14/bin/node: fork: retry: Resource temporarily unavailable
/home/mozymine/nodevenv/shop2/14/bin/node: fork: retry: Resource temporarily unavailable
/home/mozymine/nodevenv/shop2/14/bin/node: fork: retry: Resource temporarily unavailable
/home/mozymine/nodevenv/shop2/14/bin/node: fork: Resource temporarily unavailable
/home/mozymine/nodevenv/shop2/14/bin/node: fork: retry: Resource temporarily unavailable
/home/mozymine/nodevenv/shop2/14/bin/node: fork: retry: Resource temporarily unavailable
/home/mozymine/nodevenv/shop2/14/bin/node: fork: retry: Resource temporarily unavailable
/home/mozymine/nodevenv/shop2/14/bin/node: fork: retry: Resource temporarily unavailable
/home/mozymine/nodevenv/shop2/14/bin/node: fork: Resource temporarily unavailable
/home/mozymine/nodevenv/shop2/14/bin/node: fork: retry: Resource temporarily unavailable
/home/mozymine/nodevenv/shop2/14/bin/node: fork: retry: Resource temporarily unavailable
/home/mozymine/nodevenv/shop2/14/bin/node: fork: retry: Resource temporarily unavailable
/home/mozymine/nodevenv/shop2/14/bin/node: fork: retry: Resource temporarily unavailable
/home/mozymine/nodevenv/shop2/14/bin/node: fork: Resource temporarily unavailable
/home/mozymine/nodevenv/shop2/14/bin/node: fork: retry: Resource temporarily unavailable
/home/mozymine/nodevenv/shop2/14/bin/node: fork: retry: Resource temporarily unavailable
/home/mozymine/nodevenv/shop2/14/bin/node: fork: retry: Resource temporarily unavailable
/home/mozymine/nodevenv/shop2/14/bin/node: fork: retry: Resource temporarily unavailable
/home/mozymine/nodevenv/shop2/14/bin/node: fork: Resource temporarily unavailable
/home/mozymine/nodevenv/shop2/14/bin/node: fork: retry: Resource temporarily unavailable
/home/mozymine/nodevenv/shop2/14/bin/node: fork: retry: Resource temporarily unavailable
/home/mozymine/nodevenv/shop2/14/bin/node: fork: retry: Resource temporarily unavailable
/home/mozymine/nodevenv/shop2/14/bin/node: fork: retry: Resource temporarily unavailable
internal/modules/cjs/loader.js:905
  throw err;
  ^

Error: Cannot find module '../../server/setting/setting.model'
Require stack:
- /home/mozymine/nodevenv/shop2/14/lib/node_modules/live-stream-server/service.js
- /home/mozymine/shop2/app.js
- /usr/local/lsws/fcgi-bin/lsnode.js
    at Function.Module._resolveFilename (internal/modules/cjs/loader.js:902:15)
    at Function.Module._load (internal/modules/cjs/loader.js:746:27)
    at Module.require (internal/modules/cjs/loader.js:974:19)
    at require (internal/modules/cjs/helpers.js:101:18)
    at Object.<anonymous> (/home/mozymine/nodevenv/shop2/14/lib/node_modules/live-stream-server/service.js:91:13)
    at Module._compile (internal/modules/cjs/loader.js:1085:14)
    at Object.Module._extensions..js (internal/modules/cjs/loader.js:1114:10)
    at Module.load (internal/modules/cjs/loader.js:950:32)
    at Function.Module._load (internal/modules/cjs/loader.js:790:12)
    at Module.require (internal/modules/cjs/loader.js:974:19) {
  code: 'MODULE_NOT_FOUND',
  requireStack: [
    '/home/mozymine/nodevenv/shop2/14/lib/node_modules/live-stream-server/service.js',
    '/home/mozymine/shop2/app.js',
    '/usr/local/lsws/fcgi-bin/lsnode.js'
  ]
}
internal/modules/cjs/loader.js:905
  throw err;
  ^

Error: Cannot find module '../../server/setting/setting.model'
Require stack:
- /home/mozymine/nodevenv/shop2/14/lib/node_modules/live-stream-server/service.js
- /home/mozymine/shop2/app.js
- /usr/local/lsws/fcgi-bin/lsnode.js
    at Function.Module._resolveFilename (internal/modules/cjs/loader.js:902:15)
    at Function.Module._load (internal/modules/cjs/loader.js:746:27)
    at Module.require (internal/modules/cjs/loader.js:974:19)
    at require (internal/modules/cjs/helpers.js:101:18)
    at Object.<anonymous> (/home/mozymine/nodevenv/shop2/14/lib/node_modules/live-stream-server/service.js:91:13)
    at Module._compile (internal/modules/cjs/loader.js:1085:14)
    at Object.Module._extensions..js (internal/modules/cjs/loader.js:1114:10)
    at Module.load (internal/modules/cjs/loader.js:950:32)
    at Function.Module._load (internal/modules/cjs/loader.js:790:12)
    at Module.require (internal/modules/cjs/loader.js:974:19) {
  code: 'MODULE_NOT_FOUND',
  requireStack: [
    '/home/mozymine/nodevenv/shop2/14/lib/node_modules/live-stream-server/service.js',
    '/home/mozymine/shop2/app.js',
    '/usr/local/lsws/fcgi-bin/lsnode.js'
  ]
}
internal/modules/cjs/loader.js:905
  throw err;
  ^

Error: Cannot find module '../../server/setting/setting.model'
Require stack:
- /home/mozymine/nodevenv/shop2/14/lib/node_modules/live-stream-server/service.js
- /home/mozymine/shop2/app.js
- /usr/local/lsws/fcgi-bin/lsnode.js
    at Function.Module._resolveFilename (internal/modules/cjs/loader.js:902:15)
    at Function.Module._load (internal/modules/cjs/loader.js:746:27)
    at Module.require (internal/modules/cjs/loader.js:974:19)
    at require (internal/modules/cjs/helpers.js:101:18)
    at Object.<anonymous> (/home/mozymine/nodevenv/shop2/14/lib/node_modules/live-stream-server/service.js:91:13)
    at Module._compile (internal/modules/cjs/loader.js:1085:14)
    at Object.Module._extensions..js (internal/modules/cjs/loader.js:1114:10)
    at Module.load (internal/modules/cjs/loader.js:950:32)
    at Function.Module._load (internal/modules/cjs/loader.js:790:12)
    at Module.require (internal/modules/cjs/loader.js:974:19) {
  code: 'MODULE_NOT_FOUND',
  requireStack: [
    '/home/mozymine/nodevenv/shop2/14/lib/node_modules/live-stream-server/service.js',
    '/home/mozymine/shop2/app.js',
    '/usr/local/lsws/fcgi-bin/lsnode.js'
  ]
}
internal/modules/cjs/loader.js:905
  throw err;
  ^

Error: Cannot find module '../../server/setting/setting.model'
Require stack:
- /home/mozymine/nodevenv/shop2/14/lib/node_modules/live-stream-server/service.js
- /home/mozymine/shop2/app.js
- /usr/local/lsws/fcgi-bin/lsnode.js
    at Function.Module._resolveFilename (internal/modules/cjs/loader.js:902:15)
    at Function.Module._load (internal/modules/cjs/loader.js:746:27)
    at Module.require (internal/modules/cjs/loader.js:974:19)
    at require (internal/modules/cjs/helpers.js:101:18)
    at Object.<anonymous> (/home/mozymine/nodevenv/shop2/14/lib/node_modules/live-stream-server/service.js:91:13)
    at Module._compile (internal/modules/cjs/loader.js:1085:14)
    at Object.Module._extensions..js (internal/modules/cjs/loader.js:1114:10)
    at Module.load (internal/modules/cjs/loader.js:950:32)
    at Function.Module._load (internal/modules/cjs/loader.js:790:12)
    at Module.require (internal/modules/cjs/loader.js:974:19) {
  code: 'MODULE_NOT_FOUND',
  requireStack: [
    '/home/mozymine/nodevenv/shop2/14/lib/node_modules/live-stream-server/service.js',
    '/home/mozymine/shop2/app.js',
    '/usr/local/lsws/fcgi-bin/lsnode.js'
  ]
}
internal/modules/cjs/loader.js:905
  throw err;
  ^

Error: Cannot find module '../../server/setting/setting.model'
Require stack:
- /home/mozymine/nodevenv/shop2/14/lib/node_modules/live-stream-server/service.js
- /home/mozymine/shop2/app.js
- /usr/local/lsws/fcgi-bin/lsnode.js
    at Function.Module._resolveFilename (internal/modules/cjs/loader.js:902:15)
    at Function.Module._load (internal/modules/cjs/loader.js:746:27)
    at Module.require (internal/modules/cjs/loader.js:974:19)
    at require (internal/modules/cjs/helpers.js:101:18)
    at Object.<anonymous> (/home/mozymine/nodevenv/shop2/14/lib/node_modules/live-stream-server/service.js:91:13)
    at Module._compile (internal/modules/cjs/loader.js:1085:14)
    at Object.Module._extensions..js (internal/modules/cjs/loader.js:1114:10)
    at Module.load (internal/modules/cjs/loader.js:950:32)
    at Function.Module._load (internal/modules/cjs/loader.js:790:12)
    at Module.require (internal/modules/cjs/loader.js:974:19) {
  code: 'MODULE_NOT_FOUND',
  requireStack: [
    '/home/mozymine/nodevenv/shop2/14/lib/node_modules/live-stream-server/service.js',
    '/home/mozymine/shop2/app.js',
    '/usr/local/lsws/fcgi-bin/lsnode.js'
  ]
}
internal/modules/cjs/loader.js:905
  throw err;
  ^

Error: Cannot find module '../../server/setting/setting.model'
Require stack:
- /home/mozymine/nodevenv/shop2/14/lib/node_modules/live-stream-server/service.js
- /home/mozymine/shop2/app.js
- /usr/local/lsws/fcgi-bin/lsnode.js
    at Function.Module._resolveFilename (internal/modules/cjs/loader.js:902:15)
    at Function.Module._load (internal/modules/cjs/loader.js:746:27)
    at Module.require (internal/modules/cjs/loader.js:974:19)
    at require (internal/modules/cjs/helpers.js:101:18)
    at Object.<anonymous> (/home/mozymine/nodevenv/shop2/14/lib/node_modules/live-stream-server/service.js:91:13)
    at Module._compile (internal/modules/cjs/loader.js:1085:14)
    at Object.Module._extensions..js (internal/modules/cjs/loader.js:1114:10)
    at Module.load (internal/modules/cjs/loader.js:950:32)
    at Function.Module._load (internal/modules/cjs/loader.js:790:12)
    at Module.require (internal/modules/cjs/loader.js:974:19) {
  code: 'MODULE_NOT_FOUND',
  requireStack: [
    '/home/mozymine/nodevenv/shop2/14/lib/node_modules/live-stream-server/service.js',
    '/home/mozymine/shop2/app.js',
    '/usr/local/lsws/fcgi-bin/lsnode.js'
  ]
}
internal/modules/cjs/loader.js:905
  throw err;
  ^

Error: Cannot find module '../../server/setting/setting.model'
Require stack:
- /home/mozymine/nodevenv/shop2/14/lib/node_modules/live-stream-server/service.js
- /home/mozymine/shop2/app.js
- /usr/local/lsws/fcgi-bin/lsnode.js
    at Function.Module._resolveFilename (internal/modules/cjs/loader.js:902:15)
    at Function.Module._load (internal/modules/cjs/loader.js:746:27)
    at Module.require (internal/modules/cjs/loader.js:974:19)
    at require (internal/modules/cjs/helpers.js:101:18)
    at Object.<anonymous> (/home/mozymine/nodevenv/shop2/14/lib/node_modules/live-stream-server/service.js:91:13)
    at Module._compile (internal/modules/cjs/loader.js:1085:14)
    at Object.Module._extensions..js (internal/modules/cjs/loader.js:1114:10)
    at Module.load (internal/modules/cjs/loader.js:950:32)
    at Function.Module._load (internal/modules/cjs/loader.js:790:12)
    at Module.require (internal/modules/cjs/loader.js:974:19) {
  code: 'MODULE_NOT_FOUND',
  requireStack: [
    '/home/mozymine/nodevenv/shop2/14/lib/node_modules/live-stream-server/service.js',
    '/home/mozymine/shop2/app.js',
    '/usr/local/lsws/fcgi-bin/lsnode.js'
  ]
}
internal/modules/cjs/loader.js:905
  throw err;
  ^

Error: Cannot find module '../../server/setting/setting.model'
Require stack:
- /home/mozymine/nodevenv/shop2/14/lib/node_modules/live-stream-server/service.js
- /home/mozymine/shop2/app.js
- /usr/local/lsws/fcgi-bin/lsnode.js
    at Function.Module._resolveFilename (internal/modules/cjs/loader.js:902:15)
    at Function.Module._load (internal/modules/cjs/loader.js:746:27)
    at Module.require (internal/modules/cjs/loader.js:974:19)
    at require (internal/modules/cjs/helpers.js:101:18)
    at Object.<anonymous> (/home/mozymine/nodevenv/shop2/14/lib/node_modules/live-stream-server/service.js:91:13)
    at Module._compile (internal/modules/cjs/loader.js:1085:14)
    at Object.Module._extensions..js (internal/modules/cjs/loader.js:1114:10)
    at Module.load (internal/modules/cjs/loader.js:950:32)
    at Function.Module._load (internal/modules/cjs/loader.js:790:12)
    at Module.require (internal/modules/cjs/loader.js:974:19) {
  code: 'MODULE_NOT_FOUND',
  requireStack: [
    '/home/mozymine/nodevenv/shop2/14/lib/node_modules/live-stream-server/service.js',
    '/home/mozymine/shop2/app.js',
    '/usr/local/lsws/fcgi-bin/lsnode.js'
  ]
}
internal/modules/cjs/loader.js:905
  throw err;
  ^

Error: Cannot find module '../../server/setting/setting.model'
Require stack:
- /home/mozymine/nodevenv/shop2/14/lib/node_modules/live-stream-server/service.js
- /home/mozymine/shop2/app.js
- /usr/local/lsws/fcgi-bin/lsnode.js
    at Function.Module._resolveFilename (internal/modules/cjs/loader.js:902:15)
    at Function.Module._load (internal/modules/cjs/loader.js:746:27)
    at Module.require (internal/modules/cjs/loader.js:974:19)
    at require (internal/modules/cjs/helpers.js:101:18)
    at Object.<anonymous> (/home/mozymine/nodevenv/shop2/14/lib/node_modules/live-stream-server/service.js:91:13)
    at Module._compile (internal/modules/cjs/loader.js:1085:14)
    at Object.Module._extensions..js (internal/modules/cjs/loader.js:1114:10)
    at Module.load (internal/modules/cjs/loader.js:950:32)
    at Function.Module._load (internal/modules/cjs/loader.js:790:12)
    at Module.require (internal/modules/cjs/loader.js:974:19) {
  code: 'MODULE_NOT_FOUND',
  requireStack: [
    '/home/mozymine/nodevenv/shop2/14/lib/node_modules/live-stream-server/service.js',
    '/home/mozymine/shop2/app.js',
    '/usr/local/lsws/fcgi-bin/lsnode.js'
  ]
}
internal/modules/cjs/loader.js:905
  throw err;
  ^

Error: Cannot find module '../../server/setting/setting.model'
Require stack:
- /home/mozymine/nodevenv/shop2/14/lib/node_modules/live-stream-server/service.js
- /home/mozymine/shop2/app.js
- /usr/local/lsws/fcgi-bin/lsnode.js
    at Function.Module._resolveFilename (internal/modules/cjs/loader.js:902:15)
    at Function.Module._load (internal/modules/cjs/loader.js:746:27)
    at Module.require (internal/modules/cjs/loader.js:974:19)
    at require (internal/modules/cjs/helpers.js:101:18)
    at Object.<anonymous> (/home/mozymine/nodevenv/shop2/14/lib/node_modules/live-stream-server/service.js:91:13)
    at Module._compile (internal/modules/cjs/loader.js:1085:14)
    at Object.Module._extensions..js (internal/modules/cjs/loader.js:1114:10)
    at Module.load (internal/modules/cjs/loader.js:950:32)
    at Function.Module._load (internal/modules/cjs/loader.js:790:12)
    at Module.require (internal/modules/cjs/loader.js:974:19) {
  code: 'MODULE_NOT_FOUND',
  requireStack: [
    '/home/mozymine/nodevenv/shop2/14/lib/node_modules/live-stream-server/service.js',
    '/home/mozymine/shop2/app.js',
    '/usr/local/lsws/fcgi-bin/lsnode.js'
  ]
}
internal/modules/cjs/loader.js:905
  throw err;
  ^

Error: Cannot find module '../../server/setting/setting.model'
Require stack:
- /home/mozymine/nodevenv/shop2/14/lib/node_modules/live-stream-server/service.js
- /home/mozymine/shop2/app.js
- /usr/local/lsws/fcgi-bin/lsnode.js
    at Function.Module._resolveFilename (internal/modules/cjs/loader.js:902:15)
    at Function.Module._load (internal/modules/cjs/loader.js:746:27)
    at Module.require (internal/modules/cjs/loader.js:974:19)
    at require (internal/modules/cjs/helpers.js:101:18)
    at Object.<anonymous> (/home/mozymine/nodevenv/shop2/14/lib/node_modules/live-stream-server/service.js:91:13)
    at Module._compile (internal/modules/cjs/loader.js:1085:14)
    at Object.Module._extensions..js (internal/modules/cjs/loader.js:1114:10)
    at Module.load (internal/modules/cjs/loader.js:950:32)
    at Function.Module._load (internal/modules/cjs/loader.js:790:12)
    at Module.require (internal/modules/cjs/loader.js:974:19) {
  code: 'MODULE_NOT_FOUND',
  requireStack: [
    '/home/mozymine/nodevenv/shop2/14/lib/node_modules/live-stream-server/service.js',
    '/home/mozymine/shop2/app.js',
    '/usr/local/lsws/fcgi-bin/lsnode.js'
  ]
}
internal/modules/cjs/loader.js:905
  throw err;
  ^

Error: Cannot find module '../../server/setting/setting.model'
Require stack:
- /home/mozymine/nodevenv/shop2/14/lib/node_modules/live-stream-server/service.js
- /home/mozymine/shop2/app.js
- /usr/local/lsws/fcgi-bin/lsnode.js
    at Function.Module._resolveFilename (internal/modules/cjs/loader.js:902:15)
    at Function.Module._load (internal/modules/cjs/loader.js:746:27)
    at Module.require (internal/modules/cjs/loader.js:974:19)
    at require (internal/modules/cjs/helpers.js:101:18)
    at Object.<anonymous> (/home/mozymine/nodevenv/shop2/14/lib/node_modules/live-stream-server/service.js:91:13)
    at Module._compile (internal/modules/cjs/loader.js:1085:14)
    at Object.Module._extensions..js (internal/modules/cjs/loader.js:1114:10)
    at Module.load (internal/modules/cjs/loader.js:950:32)
    at Function.Module._load (internal/modules/cjs/loader.js:790:12)
    at Module.require (internal/modules/cjs/loader.js:974:19) {
  code: 'MODULE_NOT_FOUND',
  requireStack: [
    '/home/mozymine/nodevenv/shop2/14/lib/node_modules/live-stream-server/service.js',
    '/home/mozymine/shop2/app.js',
    '/usr/local/lsws/fcgi-bin/lsnode.js'
  ]
}
internal/modules/cjs/loader.js:905
  throw err;
  ^

Error: Cannot find module '../../server/setting/setting.model'
Require stack:
- /home/mozymine/nodevenv/shop2/14/lib/node_modules/live-stream-server/service.js
- /home/mozymine/shop2/app.js
- /usr/local/lsws/fcgi-bin/lsnode.js
    at Function.Module._resolveFilename (internal/modules/cjs/loader.js:902:15)
    at Function.Module._load (internal/modules/cjs/loader.js:746:27)
    at Module.require (internal/modules/cjs/loader.js:974:19)
    at require (internal/modules/cjs/helpers.js:101:18)
    at Object.<anonymous> (/home/mozymine/nodevenv/shop2/14/lib/node_modules/live-stream-server/service.js:91:13)
    at Module._compile (internal/modules/cjs/loader.js:1085:14)
    at Object.Module._extensions..js (internal/modules/cjs/loader.js:1114:10)
    at Module.load (internal/modules/cjs/loader.js:950:32)
    at Function.Module._load (internal/modules/cjs/loader.js:790:12)
    at Module.require (internal/modules/cjs/loader.js:974:19) {
  code: 'MODULE_NOT_FOUND',
  requireStack: [
    '/home/mozymine/nodevenv/shop2/14/lib/node_modules/live-stream-server/service.js',
    '/home/mozymine/shop2/app.js',
    '/usr/local/lsws/fcgi-bin/lsnode.js'
  ]
}
internal/modules/cjs/loader.js:905
  throw err;
  ^

Error: Cannot find module '../../server/setting/setting.model'
Require stack:
- /home/mozymine/nodevenv/shop2/14/lib/node_modules/live-stream-server/service.js
- /home/mozymine/shop2/app.js
- /usr/local/lsws/fcgi-bin/lsnode.js
    at Function.Module._resolveFilename (internal/modules/cjs/loader.js:902:15)
    at Function.Module._load (internal/modules/cjs/loader.js:746:27)
    at Module.require (internal/modules/cjs/loader.js:974:19)
    at require (internal/modules/cjs/helpers.js:101:18)
    at Object.<anonymous> (/home/mozymine/nodevenv/shop2/14/lib/node_modules/live-stream-server/service.js:91:13)
    at Module._compile (internal/modules/cjs/loader.js:1085:14)
    at Object.Module._extensions..js (internal/modules/cjs/loader.js:1114:10)
    at Module.load (internal/modules/cjs/loader.js:950:32)
    at Function.Module._load (internal/modules/cjs/loader.js:790:12)
    at Module.require (internal/modules/cjs/loader.js:974:19) {
  code: 'MODULE_NOT_FOUND',
  requireStack: [
    '/home/mozymine/nodevenv/shop2/14/lib/node_modules/live-stream-server/service.js',
    '/home/mozymine/shop2/app.js',
    '/usr/local/lsws/fcgi-bin/lsnode.js'
  ]
}
internal/modules/cjs/loader.js:905
  throw err;
  ^

Error: Cannot find module '../../server/setting/setting.model'
Require stack:
- /home/mozymine/nodevenv/shop2/14/lib/node_modules/live-stream-server/service.js
- /home/mozymine/shop2/app.js
- /usr/local/lsws/fcgi-bin/lsnode.js
    at Function.Module._resolveFilename (internal/modules/cjs/loader.js:902:15)
    at Function.Module._load (internal/modules/cjs/loader.js:746:27)
    at Module.require (internal/modules/cjs/loader.js:974:19)
    at require (internal/modules/cjs/helpers.js:101:18)
    at Object.<anonymous> (/home/mozymine/nodevenv/shop2/14/lib/node_modules/live-stream-server/service.js:91:13)
    at Module._compile (internal/modules/cjs/loader.js:1085:14)
    at Object.Module._extensions..js (internal/modules/cjs/loader.js:1114:10)
    at Module.load (internal/modules/cjs/loader.js:950:32)
    at Function.Module._load (internal/modules/cjs/loader.js:790:12)
    at Module.require (internal/modules/cjs/loader.js:974:19) {
  code: 'MODULE_NOT_FOUND',
  requireStack: [
    '/home/mozymine/nodevenv/shop2/14/lib/node_modules/live-stream-server/service.js',
    '/home/mozymine/shop2/app.js',
    '/usr/local/lsws/fcgi-bin/lsnode.js'
  ]
}
internal/modules/cjs/loader.js:905
  throw err;
  ^

Error: Cannot find module '../../server/setting/setting.model'
Require stack:
- /home/mozymine/nodevenv/shop2/14/lib/node_modules/live-stream-server/service.js
- /home/mozymine/shop2/app.js
- /usr/local/lsws/fcgi-bin/lsnode.js
    at Function.Module._resolveFilename (internal/modules/cjs/loader.js:902:15)
    at Function.Module._load (internal/modules/cjs/loader.js:746:27)
    at Module.require (internal/modules/cjs/loader.js:974:19)
    at require (internal/modules/cjs/helpers.js:101:18)
    at Object.<anonymous> (/home/mozymine/nodevenv/shop2/14/lib/node_modules/live-stream-server/service.js:91:13)
    at Module._compile (internal/modules/cjs/loader.js:1085:14)
    at Object.Module._extensions..js (internal/modules/cjs/loader.js:1114:10)
    at Module.load (internal/modules/cjs/loader.js:950:32)
    at Function.Module._load (internal/modules/cjs/loader.js:790:12)
    at Module.require (internal/modules/cjs/loader.js:974:19) {
  code: 'MODULE_NOT_FOUND',
  requireStack: [
    '/home/mozymine/nodevenv/shop2/14/lib/node_modules/live-stream-server/service.js',
    '/home/mozymine/shop2/app.js',
    '/usr/local/lsws/fcgi-bin/lsnode.js'
  ]
}
